<?xml version="1.0" encoding="UTF-8"?>
<!-- Generated by org.testng.reporters.JUnitReportReporter -->
<testsuite hostname="SIDCD158" name="SG_Scenario_Component.Scenario_SG" tests="1" failures="0" timestamp="9 Aug 2016 05:49:18 GMT" time="57.981" errors="0">
  <testcase name="testSafeguard2" time="57.981" classname="SG_Scenario_Component.Scenario_SG"/>
</testsuite> <!-- SG_Scenario_Component.Scenario_SG -->
